Triggered at Wed Nov 20 23:24:27 WET 2024
Adding changes...
Committing changes...
[main f511088] Auto-commit: Wed Nov 20 23:24:27 WET 2024
 3 files changed, 30 insertions(+), 7 deletions(-)
 create mode 100644 git-auto-push.log
Pushing changes to GitHub...
To https://github.com/zen-aperios/real-estate.git
   56f3973..f511088  main -> main
Completed at Wed Nov 20 23:24:29 WET 2024
Triggered at Wed Nov 20 23:24:50 WET 2024
Adding changes...
Committing changes...
[main 9513c99] Auto-commit: Wed Nov 20 23:24:50 WET 2024
 1 file changed, 10 insertions(+)
Pushing changes to GitHub...
To https://github.com/zen-aperios/real-estate.git
   f511088..9513c99  main -> main
Completed at Wed Nov 20 23:24:52 WET 2024
Triggered at Wed Nov 20 23:47:04 WET 2024
Adding changes...
